# JRE version: Java(TM) SE Runtime Environment (26.0+35) (build 26+35-2893)
# Java VM: Java HotSpot(TM) 64-Bit Server VM (26+35-2893, mixed mode, sharing, tiered, compressed oops, compressed class ptrs, g1 gc, windows-amd64)
GC Precious Log:
 CardTable entry size: 512
 Card Set container configuration: InlinePtr #cards 4 size 8 Array Of Cards #cards 16 size 48 Howl #buckets 8 coarsen threshold 3686 Howl Bitmap #cards 512 size 80 coarsen threshold 460 Card regions per heap region 1 cards per card region 4096
 CPUs: 12 total, 12 available
 Memory: 16055M
 Large Page Support: Disabled
 NUMA Support: Disabled
 Compressed Oops: Enabled (Zero based)
 Heap Region Size: 2M
 Heap Min Capacity: 8M
 Heap Initial Capacity: 8M
 Heap Max Capacity: 4014M
 Pre-touch: Disabled
 Parallel Workers: 10
 Concurrent Workers: 3
 Concurrent Refinement Workers: 10
 Periodic GC: Disabled
Heap:
 garbage-first heap   total reserved 4110336K, committed 14336K, used 5390K [0x0000000705200000, 0x0000000800000000)
  region size 2M, 3 eden (6M), 0 survivor (0M), 2 old (4M), 0 humongous (0M), 2 free (4M)
GC Heap Usage History (20 events):
Event: 144.339 {heap Before GC invocations=678 (full 0):
 garbage-first heap   total reserved 4110336K, committed 14336K, used 9486K [0x0000000705200000, 0x0000000800000000)
  region size 2M, 4 eden (8M), 0 survivor (0M), 2 old (4M), 0 humongous (0M), 1 free (2M)
}
Event: 144.340 {heap After GC invocations=679 (full 0):
 garbage-first heap   total reserved 4110336K, committed 14336K, used 1294K [0x0000000705200000, 0x0000000800000000)
  region size 2M, 0 eden (0M), 0 survivor (0M), 2 old (4M), 0 humongous (0M), 5 free (10M)
}
Event: 144.825 {heap Before GC invocations=679 (full 0):
 garbage-first heap   total reserved 4110336K, committed 14336K, used 9486K [0x0000000705200000, 0x0000000800000000)
  region size 2M, 4 eden (8M), 0 survivor (0M), 2 old (4M), 0 humongous (0M), 1 free (2M)
}
Event: 144.827 {heap After GC invocations=680 (full 0):
 garbage-first heap   total reserved 4110336K, committed 14336K, used 1294K [0x0000000705200000, 0x0000000800000000)
  region size 2M, 0 eden (0M), 0 survivor (0M), 2 old (4M), 0 humongous (0M), 5 free (10M)
}
Event: 145.132 {heap Before GC invocations=680 (full 0):
 garbage-first heap   total reserved 4110336K, committed 14336K, used 9486K [0x0000000705200000, 0x0000000800000000)
  region size 2M, 4 eden (8M), 0 survivor (0M), 2 old (4M), 0 humongous (0M), 1 free (2M)
}
Event: 145.134 {heap After GC invocations=681 (full 0):
 garbage-first heap   total reserved 4110336K, committed 14336K, used 1294K [0x0000000705200000, 0x0000000800000000)
  region size 2M, 0 eden (0M), 0 survivor (0M), 2 old (4M), 0 humongous (0M), 5 free (10M)
}
Event: 145.452 {heap Before GC invocations=681 (full 0):
 garbage-first heap   total reserved 4110336K, committed 14336K, used 9486K [0x0000000705200000, 0x0000000800000000)
  region size 2M, 4 eden (8M), 0 survivor (0M), 2 old (4M), 0 humongous (0M), 1 free (2M)
}
Event: 145.453 {heap After GC invocations=682 (full 0):
 garbage-first heap   total reserved 4110336K, committed 14336K, used 1294K [0x0000000705200000, 0x0000000800000000)
  region size 2M, 0 eden (0M), 0 survivor (0M), 2 old (4M), 0 humongous (0M), 5 free (10M)
}
Event: 145.688 {heap Before GC invocations=682 (full 0):
 garbage-first heap   total reserved 4110336K, committed 14336K, used 9486K [0x0000000705200000, 0x0000000800000000)
  region size 2M, 4 eden (8M), 0 survivor (0M), 2 old (4M), 0 humongous (0M), 1 free (2M)
}
Event: 145.688 {heap After GC invocations=683 (full 0):
 garbage-first heap   total reserved 4110336K, committed 14336K, used 1294K [0x0000000705200000, 0x0000000800000000)
  region size 2M, 0 eden (0M), 0 survivor (0M), 2 old (4M), 0 humongous (0M), 5 free (10M)
}
Event: 145.894 {heap Before GC invocations=683 (full 0):
 garbage-first heap   total reserved 4110336K, committed 14336K, used 9486K [0x0000000705200000, 0x0000000800000000)
  region size 2M, 4 eden (8M), 0 survivor (0M), 2 old (4M), 0 humongous (0M), 1 free (2M)
}
Event: 145.895 {heap After GC invocations=684 (full 0):
 garbage-first heap   total reserved 4110336K, committed 14336K, used 1294K [0x0000000705200000, 0x0000000800000000)
  region size 2M, 0 eden (0M), 0 survivor (0M), 2 old (4M), 0 humongous (0M), 5 free (10M)
}
Event: 146.176 {heap Before GC invocations=684 (full 0):
 garbage-first heap   total reserved 4110336K, committed 14336K, used 9486K [0x0000000705200000, 0x0000000800000000)
  region size 2M, 4 eden (8M), 0 survivor (0M), 2 old (4M), 0 humongous (0M), 1 free (2M)
}
Event: 146.176 {heap After GC invocations=685 (full 0):
 garbage-first heap   total reserved 4110336K, committed 14336K, used 1294K [0x0000000705200000, 0x0000000800000000)
  region size 2M, 0 eden (0M), 0 survivor (0M), 2 old (4M), 0 humongous (0M), 5 free (10M)
}
Event: 146.408 {heap Before GC invocations=685 (full 0):
 garbage-first heap   total reserved 4110336K, committed 14336K, used 9486K [0x0000000705200000, 0x0000000800000000)
  region size 2M, 4 eden (8M), 0 survivor (0M), 2 old (4M), 0 humongous (0M), 1 free (2M)
}
Event: 146.408 {heap After GC invocations=686 (full 0):
 garbage-first heap   total reserved 4110336K, committed 14336K, used 1294K [0x0000000705200000, 0x0000000800000000)
  region size 2M, 0 eden (0M), 0 survivor (0M), 2 old (4M), 0 humongous (0M), 5 free (10M)
}
Event: 146.673 {heap Before GC invocations=686 (full 0):
 garbage-first heap   total reserved 4110336K, committed 14336K, used 9486K [0x0000000705200000, 0x0000000800000000)
  region size 2M, 4 eden (8M), 0 survivor (0M), 2 old (4M), 0 humongous (0M), 1 free (2M)
}
Event: 146.673 {heap After GC invocations=687 (full 0):
 garbage-first heap   total reserved 4110336K, committed 14336K, used 1294K [0x0000000705200000, 0x0000000800000000)
  region size 2M, 0 eden (0M), 0 survivor (0M), 2 old (4M), 0 humongous (0M), 5 free (10M)
}
Event: 146.940 {heap Before GC invocations=687 (full 0):
 garbage-first heap   total reserved 4110336K, committed 14336K, used 9486K [0x0000000705200000, 0x0000000800000000)
  region size 2M, 4 eden (8M), 0 survivor (0M), 2 old (4M), 0 humongous (0M), 1 free (2M)
}
Event: 146.941 {heap After GC invocations=688 (full 0):
 garbage-first heap   total reserved 4110336K, committed 14336K, used 1294K [0x0000000705200000, 0x0000000800000000)
  region size 2M, 0 eden (0M), 0 survivor (0M), 2 old (4M), 0 humongous (0M), 5 free (10M)
}

